{
  "RSpec": {
    "coverage": {
      "/Users/antoinedoolaeghe/Documents/MakersAcademy/password_generator/spec/unit/characters_spec.rb": [
        1,
        null,
        1,
        null,
        6,
        null,
        1,
        1,
        2,
        null,
        null,
        1,
        1,
        null,
        null,
        1,
        1,
        null,
        null,
        1,
        1,
        null,
        null,
        1,
        1,
        null,
        null,
        null
      ],
      "/Users/antoinedoolaeghe/Documents/MakersAcademy/password_generator/lib/characters.rb": [
        1,
        1,
        1,
        1,
        null,
        1,
        1,
        14,
        13,
        null,
        null
      ],
      "/Users/antoinedoolaeghe/Documents/MakersAcademy/password_generator/spec/unit/password_generator_spec.rb": [
        1,
        null,
        1,
        6,
        2,
        7,
        null,
        1,
        6,
        null,
        null,
        1,
        1,
        2,
        null,
        null,
        1,
        1,
        null,
        null,
        1,
        1,
        null,
        null,
        1,
        1,
        null,
        null,
        1,
        1,
        null,
        null,
        1,
        1,
        null,
        null,
        null
      ],
      "/Users/antoinedoolaeghe/Documents/MakersAcademy/password_generator/lib/password_generator.rb": [
        1,
        1,
        1,
        null,
        1,
        null,
        1,
        null,
        1,
        6,
        null,
        null,
        1,
        6,
        5,
        null,
        null
      ],
      "/Users/antoinedoolaeghe/Documents/MakersAcademy/password_generator/lib/password.rb": [
        1,
        null,
        1,
        null,
        1,
        10,
        null,
        null,
        1,
        9,
        99,
        null,
        null
      ],
      "/Users/antoinedoolaeghe/Documents/MakersAcademy/password_generator/lib/boolean-check.rb": [
        1,
        1,
        20,
        null,
        null
      ],
      "/Users/antoinedoolaeghe/Documents/MakersAcademy/password_generator/spec/unit/password_spec.rb": [
        1,
        null,
        1,
        5,
        5,
        null,
        1,
        4,
        null,
        null,
        1,
        1,
        1,
        null,
        null,
        1,
        1,
        null,
        null,
        1,
        1,
        null,
        null,
        1,
        1,
        null,
        null,
        null
      ]
    },
    "timestamp": 1506885336
  }
}
